      R          P(R)      ERROR
  0.0000E+00  0.0000E+00  0.0000E+00
  0.6316E+00  0.4020E-06  0.5321E-08
  0.1263E+01  0.8519E-06  0.9637E-08
  0.1895E+01  0.1349E-05  0.1298E-07
  0.2526E+01  0.1893E-05  0.1539E-07
  0.3158E+01  0.2481E-05  0.1693E-07
  0.3789E+01  0.3111E-05  0.1769E-07
  0.4421E+01  0.3782E-05  0.1775E-07
  0.5053E+01  0.4490E-05  0.1723E-07
  0.5684E+01  0.5233E-05  0.1628E-07
  0.6316E+01  0.6007E-05  0.1506E-07
  0.6947E+01  0.6809E-05  0.1378E-07
  0.7579E+01  0.7634E-05  0.1269E-07
  0.8211E+01  0.8479E-05  0.1208E-07
  0.8842E+01  0.9338E-05  0.1213E-07
  0.9474E+01  0.1021E-04  0.1288E-07
  0.1011E+02  0.1109E-04  0.1418E-07
  0.1074E+02  0.1197E-04  0.1579E-07
  0.1137E+02  0.1285E-04  0.1750E-07
  0.1200E+02  0.1372E-04  0.1915E-07
  0.1263E+02  0.1458E-04  0.2063E-07
  0.1326E+02  0.1542E-04  0.2187E-07
  0.1389E+02  0.1625E-04  0.2282E-07
  0.1453E+02  0.1706E-04  0.2348E-07
  0.1516E+02  0.1784E-04  0.2384E-07
  0.1579E+02  0.1859E-04  0.2395E-07
  0.1642E+02  0.1931E-04  0.2385E-07
  0.1705E+02  0.2000E-04  0.2360E-07
  0.1768E+02  0.2065E-04  0.2329E-07
  0.1832E+02  0.2127E-04  0.2302E-07
  0.1895E+02  0.2184E-04  0.2285E-07
  0.1958E+02  0.2237E-04  0.2287E-07
  0.2021E+02  0.2286E-04  0.2313E-07
  0.2084E+02  0.2331E-04  0.2364E-07
  0.2147E+02  0.2371E-04  0.2437E-07
  0.2211E+02  0.2408E-04  0.2528E-07
  0.2274E+02  0.2439E-04  0.2630E-07
  0.2337E+02  0.2467E-04  0.2736E-07
  0.2400E+02  0.2490E-04  0.2839E-07
  0.2463E+02  0.2510E-04  0.2934E-07
  0.2526E+02  0.2525E-04  0.3017E-07
  0.2589E+02  0.2537E-04  0.3085E-07
  0.2653E+02  0.2545E-04  0.3138E-07
  0.2716E+02  0.2549E-04  0.3175E-07
  0.2779E+02  0.2550E-04  0.3199E-07
  0.2842E+02  0.2547E-04  0.3215E-07
  0.2905E+02  0.2542E-04  0.3225E-07
  0.2968E+02  0.2533E-04  0.3236E-07
  0.3032E+02  0.2522E-04  0.3252E-07
  0.3095E+02  0.2509E-04  0.3277E-07
  0.3158E+02  0.2493E-04  0.3316E-07
  0.3221E+02  0.2474E-04  0.3370E-07
  0.3284E+02  0.2454E-04  0.3439E-07
  0.3347E+02  0.2432E-04  0.3521E-07
  0.3411E+02  0.2408E-04  0.3613E-07
  0.3474E+02  0.2383E-04  0.3711E-07
  0.3537E+02  0.2356E-04  0.3812E-07
  0.3600E+02  0.2328E-04  0.3910E-07
  0.3663E+02  0.2299E-04  0.4001E-07
  0.3726E+02  0.2269E-04  0.4085E-07
  0.3789E+02  0.2238E-04  0.4157E-07
  0.3853E+02  0.2206E-04  0.4219E-07
  0.3916E+02  0.2173E-04  0.4270E-07
  0.3979E+02  0.2140E-04  0.4312E-07
  0.4042E+02  0.2106E-04  0.4349E-07
  0.4105E+02  0.2072E-04  0.4383E-07
  0.4168E+02  0.2037E-04  0.4419E-07
  0.4232E+02  0.2002E-04  0.4459E-07
  0.4295E+02  0.1966E-04  0.4507E-07
  0.4358E+02  0.1931E-04  0.4564E-07
  0.4421E+02  0.1895E-04  0.4633E-07
  0.4484E+02  0.1859E-04  0.4712E-07
  0.4547E+02  0.1823E-04  0.4798E-07
  0.4611E+02  0.1787E-04  0.4890E-07
  0.4674E+02  0.1750E-04  0.4984E-07
  0.4737E+02  0.1714E-04  0.5074E-07
  0.4800E+02  0.1678E-04  0.5156E-07
  0.4863E+02  0.1643E-04  0.5225E-07
  0.4926E+02  0.1607E-04  0.5278E-07
  0.4989E+02  0.1571E-04  0.5312E-07
  0.5053E+02  0.1536E-04  0.5325E-07
  0.5116E+02  0.1501E-04  0.5316E-07
  0.5179E+02  0.1466E-04  0.5284E-07
  0.5242E+02  0.1432E-04  0.5233E-07
  0.5305E+02  0.1398E-04  0.5164E-07
  0.5368E+02  0.1364E-04  0.5081E-07
  0.5432E+02  0.1331E-04  0.4990E-07
  0.5495E+02  0.1298E-04  0.4897E-07
  0.5558E+02  0.1266E-04  0.4808E-07
  0.5621E+02  0.1234E-04  0.4729E-07
  0.5684E+02  0.1202E-04  0.4666E-07
  0.5747E+02  0.1171E-04  0.4625E-07
  0.5811E+02  0.1140E-04  0.4608E-07
  0.5874E+02  0.1110E-04  0.4617E-07
  0.5937E+02  0.1081E-04  0.4650E-07
  0.6000E+02  0.1051E-04  0.4706E-07
  0.6063E+02  0.1023E-04  0.4779E-07
  0.6126E+02  0.9948E-05  0.4865E-07
  0.6189E+02  0.9672E-05  0.4958E-07
  0.6253E+02  0.9401E-05  0.5053E-07
  0.6316E+02  0.9135E-05  0.5146E-07
  0.6379E+02  0.8875E-05  0.5232E-07
  0.6442E+02  0.8619E-05  0.5309E-07
  0.6505E+02  0.8369E-05  0.5375E-07
  0.6568E+02  0.8123E-05  0.5429E-07
  0.6632E+02  0.7882E-05  0.5473E-07
  0.6695E+02  0.7647E-05  0.5508E-07
  0.6758E+02  0.7416E-05  0.5534E-07
  0.6821E+02  0.7190E-05  0.5555E-07
  0.6884E+02  0.6969E-05  0.5574E-07
  0.6947E+02  0.6753E-05  0.5593E-07
  0.7011E+02  0.6541E-05  0.5615E-07
  0.7074E+02  0.6335E-05  0.5640E-07
  0.7137E+02  0.6133E-05  0.5671E-07
  0.7200E+02  0.5936E-05  0.5709E-07
  0.7263E+02  0.5743E-05  0.5752E-07
  0.7326E+02  0.5556E-05  0.5799E-07
  0.7389E+02  0.5373E-05  0.5850E-07
  0.7453E+02  0.5195E-05  0.5902E-07
  0.7516E+02  0.5022E-05  0.5953E-07
  0.7579E+02  0.4853E-05  0.6001E-07
  0.7642E+02  0.4690E-05  0.6044E-07
  0.7705E+02  0.4530E-05  0.6079E-07
  0.7768E+02  0.4376E-05  0.6106E-07
  0.7832E+02  0.4226E-05  0.6123E-07
  0.7895E+02  0.4081E-05  0.6130E-07
  0.7958E+02  0.3940E-05  0.6127E-07
  0.8021E+02  0.3803E-05  0.6115E-07
  0.8084E+02  0.3671E-05  0.6094E-07
  0.8147E+02  0.3543E-05  0.6067E-07
  0.8211E+02  0.3419E-05  0.6035E-07
  0.8274E+02  0.3299E-05  0.6000E-07
  0.8337E+02  0.3183E-05  0.5965E-07
  0.8400E+02  0.3071E-05  0.5932E-07
  0.8463E+02  0.2962E-05  0.5904E-07
  0.8526E+02  0.2857E-05  0.5882E-07
  0.8589E+02  0.2755E-05  0.5869E-07
  0.8653E+02  0.2656E-05  0.5866E-07
  0.8716E+02  0.2560E-05  0.5875E-07
  0.8779E+02  0.2467E-05  0.5896E-07
  0.8842E+02  0.2377E-05  0.5931E-07
  0.8905E+02  0.2290E-05  0.5977E-07
  0.8968E+02  0.2205E-05  0.6036E-07
  0.9032E+02  0.2123E-05  0.6106E-07
  0.9095E+02  0.2042E-05  0.6185E-07
  0.9158E+02  0.1964E-05  0.6273E-07
  0.9221E+02  0.1888E-05  0.6366E-07
  0.9284E+02  0.1814E-05  0.6463E-07
  0.9347E+02  0.1742E-05  0.6562E-07
  0.9411E+02  0.1672E-05  0.6661E-07
  0.9474E+02  0.1603E-05  0.6757E-07
  0.9537E+02  0.1537E-05  0.6849E-07
  0.9600E+02  0.1472E-05  0.6936E-07
  0.9663E+02  0.1409E-05  0.7014E-07
  0.9726E+02  0.1347E-05  0.7084E-07
  0.9789E+02  0.1287E-05  0.7144E-07
  0.9853E+02  0.1229E-05  0.7193E-07
  0.9916E+02  0.1173E-05  0.7231E-07
  0.9979E+02  0.1118E-05  0.7259E-07
  0.1004E+03  0.1064E-05  0.7275E-07
  0.1011E+03  0.1013E-05  0.7282E-07
  0.1017E+03  0.9628E-06  0.7279E-07
  0.1023E+03  0.9144E-06  0.7269E-07
  0.1029E+03  0.8677E-06  0.7251E-07
  0.1036E+03  0.8226E-06  0.7227E-07
  0.1042E+03  0.7790E-06  0.7198E-07
  0.1048E+03  0.7369E-06  0.7166E-07
  0.1055E+03  0.6964E-06  0.7130E-07
  0.1061E+03  0.6573E-06  0.7092E-07
  0.1067E+03  0.6197E-06  0.7050E-07
  0.1074E+03  0.5834E-06  0.7004E-07
  0.1080E+03  0.5484E-06  0.6953E-07
  0.1086E+03  0.5146E-06  0.6895E-07
  0.1093E+03  0.4819E-06  0.6827E-07
  0.1099E+03  0.4502E-06  0.6745E-07
  0.1105E+03  0.4196E-06  0.6647E-07
  0.1112E+03  0.3897E-06  0.6528E-07
  0.1118E+03  0.3606E-06  0.6384E-07
  0.1124E+03  0.3322E-06  0.6209E-07
  0.1131E+03  0.3043E-06  0.5999E-07
  0.1137E+03  0.2767E-06  0.5749E-07
  0.1143E+03  0.2495E-06  0.5453E-07
  0.1149E+03  0.2225E-06  0.5108E-07
  0.1156E+03  0.1956E-06  0.4707E-07
  0.1162E+03  0.1686E-06  0.4246E-07
  0.1168E+03  0.1415E-06  0.3721E-07
  0.1175E+03  0.1141E-06  0.3127E-07
  0.1181E+03  0.8640E-07  0.2462E-07
  0.1187E+03  0.5820E-07  0.1721E-07
  0.1194E+03  0.2943E-07  0.9010E-08
  0.1200E+03  0.0000E+00  0.0000E+00
