
           ####      G N O M              Version 5.0 (r9453)      ####
                                               Mon Nov 25 13:52:04 2019

           ####      Configuration                                 ####

    System Type:                   arbitrary monodisperse (job = 0)
    Minimum characteristic size:         0.0000
    Maximum characteristic size:       120.0000
    rad56:                               0.0000
    Force 0.0 at r = rmin:                  yes
    Force 0.0 at r = rmax:                  yes
    Initial alpha:                       0.0000
    Initial random seed:     562321281068442059
    Points in real space:                   191

    Input  1:                      /home/mariusk/Documents/saxs.data/raw.data/2018_02_21/HOIP_697-1072/MK1_198-202/Sub_MK1_HPLCSample_198-202.dat
    First data point used:                    5
    Last data point used:                   576
    Scaling coefficient:             0.1000E+01
    Experimental setup:            point collimation



           ####      Results                                       ####

    Parameter    DISCRP  OSCILL  STABIL  SYSDEV  POSITV  VALCEN  SMOOTH
    Weight        1.000   3.000   3.000   3.000   1.000   1.000   2.000
    Sigma         0.300   0.600   0.120   0.120   0.120   0.120   0.600
    Ideal         0.700   1.100   0.000   1.000   1.000   0.950   0.000
    Current       0.695   1.618   0.007   0.963   1.000   0.767   0.214
               --------------------------------------------------------
    Estimate      1.000   0.475   0.997   1.000   1.000   0.097   0.880

    Angular range:                       0.0082 to       0.2684
    Reciprocal space Rg:             0.3114E+02
    Reciprocal space I(0):           0.1521E-01

    Real space range:                    0.0000 to     120.0000
    Real space Rg:                   0.3117E+02 +-   0.9382E-01
    Real space I(0):                 0.1521E-01 +-   0.2196E-04

    Highest ALPHA (theor):           0.4147E+05
    Current ALPHA:                   0.7089E+02

    Total Estimate:                      0.8051 (a GOOD solution)



           ####      Experimental Data and Fit                     ####

      S          J EXP       ERROR       J REG       I REG

   0.000000E+00                                                0.152115E-01
   0.432093E-03                                                0.152105E-01
   0.864186E-03                                                0.152078E-01
   0.129628E-02                                                0.152032E-01
   0.172837E-02                                                0.151967E-01
   0.216047E-02                                                0.151885E-01
   0.259256E-02                                                0.151784E-01
   0.302465E-02                                                0.151665E-01
   0.345674E-02                                                0.151527E-01
   0.388884E-02                                                0.151372E-01
   0.432093E-02                                                0.151198E-01
   0.475302E-02                                                0.151006E-01
   0.518512E-02                                                0.150797E-01
   0.561721E-02                                                0.150570E-01
   0.604930E-02                                                0.150325E-01
   0.648140E-02                                                0.150062E-01
   0.691349E-02                                                0.149782E-01
   0.734558E-02                                                0.149484E-01
   0.777768E-02                                                0.149170E-01
   0.820977E-02   0.147225E-01   0.289475E-03   0.148838E-01   0.148838E-01
   0.866587E-02   0.149026E-01   0.241148E-03   0.148470E-01   0.148470E-01
   0.912196E-02   0.146916E-01   0.218493E-03   0.148082E-01   0.148082E-01
   0.957806E-02   0.146583E-01   0.203018E-03   0.147677E-01   0.147677E-01
   0.100342E-01   0.148496E-01   0.174710E-03   0.147253E-01   0.147253E-01
   0.104903E-01   0.148032E-01   0.163786E-03   0.146811E-01   0.146811E-01
   0.109464E-01   0.145280E-01   0.143018E-03   0.146351E-01   0.146351E-01
   0.114024E-01   0.148719E-01   0.130474E-03   0.145873E-01   0.145873E-01
   0.118586E-01   0.144270E-01   0.119690E-03   0.145378E-01   0.145378E-01
   0.123146E-01   0.145467E-01   0.111251E-03   0.144866E-01   0.144866E-01
   0.127707E-01   0.144197E-01   0.103777E-03   0.144337E-01   0.144337E-01
   0.132268E-01   0.144252E-01   0.100083E-03   0.143791E-01   0.143791E-01
   0.136829E-01   0.142282E-01   0.981612E-04   0.143229E-01   0.143229E-01
   0.141390E-01   0.142057E-01   0.947513E-04   0.142651E-01   0.142651E-01
   0.145951E-01   0.142072E-01   0.899106E-04   0.142057E-01   0.142057E-01
   0.150512E-01   0.141380E-01   0.892832E-04   0.141447E-01   0.141447E-01
   0.155073E-01   0.140475E-01   0.845893E-04   0.140822E-01   0.140822E-01
   0.159634E-01   0.140578E-01   0.845420E-04   0.140182E-01   0.140182E-01
   0.164195E-01   0.140094E-01   0.811324E-04   0.139527E-01   0.139527E-01
   0.168756E-01   0.136747E-01   0.793765E-04   0.138858E-01   0.138858E-01
   0.173317E-01   0.137239E-01   0.775770E-04   0.138175E-01   0.138175E-01
   0.177878E-01   0.136747E-01   0.759281E-04   0.137478E-01   0.137478E-01
   0.182439E-01   0.135987E-01   0.741900E-04   0.136768E-01   0.136768E-01
   0.187000E-01   0.137879E-01   0.718566E-04   0.136044E-01   0.136044E-01
   0.191561E-01   0.134410E-01   0.716355E-04   0.135308E-01   0.135308E-01
   0.196122E-01   0.135966E-01   0.704188E-04   0.134559E-01   0.134559E-01
   0.200683E-01   0.134491E-01   0.686338E-04   0.133798E-01   0.133798E-01
   0.205244E-01   0.133062E-01   0.675419E-04   0.133025E-01   0.133025E-01
   0.209804E-01   0.131913E-01   0.658698E-04   0.132241E-01   0.132241E-01
   0.214365E-01   0.131808E-01   0.655630E-04   0.131445E-01   0.131445E-01
   0.218926E-01   0.130213E-01   0.643030E-04   0.130639E-01   0.130639E-01
   0.223487E-01   0.130362E-01   0.622270E-04   0.129822E-01   0.129822E-01
   0.228048E-01   0.128610E-01   0.620671E-04   0.128995E-01   0.128995E-01
   0.232609E-01   0.129078E-01   0.616014E-04   0.128159E-01   0.128159E-01
   0.237170E-01   0.127596E-01   0.603449E-04   0.127313E-01   0.127313E-01
   0.241731E-01   0.126434E-01   0.589859E-04   0.126458E-01   0.126458E-01
   0.246292E-01   0.125305E-01   0.584675E-04   0.125595E-01   0.125595E-01
   0.250853E-01   0.123898E-01   0.578044E-04   0.124723E-01   0.124723E-01
   0.255414E-01   0.123356E-01   0.567380E-04   0.123843E-01   0.123843E-01
   0.259974E-01   0.122657E-01   0.563795E-04   0.122955E-01   0.122955E-01
   0.264535E-01   0.121451E-01   0.564360E-04   0.122061E-01   0.122061E-01
   0.269096E-01   0.121561E-01   0.566516E-04   0.121159E-01   0.121159E-01
   0.273657E-01   0.120106E-01   0.574091E-04   0.120251E-01   0.120251E-01
   0.278218E-01   0.118325E-01   0.566487E-04   0.119336E-01   0.119336E-01
   0.282779E-01   0.119651E-01   0.567026E-04   0.118416E-01   0.118416E-01
   0.287340E-01   0.117980E-01   0.566010E-04   0.117490E-01   0.117490E-01
   0.291901E-01   0.117746E-01   0.567100E-04   0.116559E-01   0.116559E-01
   0.296461E-01   0.116408E-01   0.557599E-04   0.115624E-01   0.115624E-01
   0.301022E-01   0.114199E-01   0.554947E-04   0.114684E-01   0.114684E-01
   0.305583E-01   0.113726E-01   0.550588E-04   0.113739E-01   0.113739E-01
   0.310144E-01   0.113339E-01   0.553242E-04   0.112791E-01   0.112791E-01
   0.314705E-01   0.111178E-01   0.549752E-04   0.111840E-01   0.111840E-01
   0.319266E-01   0.110795E-01   0.538177E-04   0.110885E-01   0.110885E-01
   0.323827E-01   0.109194E-01   0.538041E-04   0.109928E-01   0.109928E-01
   0.328387E-01   0.108430E-01   0.537471E-04   0.108968E-01   0.108968E-01
   0.332948E-01   0.107946E-01   0.533308E-04   0.108006E-01   0.108006E-01
   0.337509E-01   0.106429E-01   0.527648E-04   0.107043E-01   0.107043E-01
   0.342070E-01   0.106569E-01   0.525211E-04   0.106077E-01   0.106077E-01
   0.346631E-01   0.104287E-01   0.524897E-04   0.105111E-01   0.105111E-01
   0.351192E-01   0.104346E-01   0.517851E-04   0.104144E-01   0.104144E-01
   0.355752E-01   0.102593E-01   0.511327E-04   0.103176E-01   0.103176E-01
   0.360313E-01   0.101950E-01   0.512335E-04   0.102208E-01   0.102208E-01
   0.364874E-01   0.101980E-01   0.507629E-04   0.101240E-01   0.101240E-01
   0.369435E-01   0.100488E-01   0.509116E-04   0.100272E-01   0.100272E-01
   0.373995E-01   0.991192E-02   0.499141E-04   0.993051E-02   0.993051E-02
   0.378556E-01   0.984545E-02   0.495796E-04   0.983388E-02   0.983388E-02
   0.383117E-01   0.972979E-02   0.491900E-04   0.973737E-02   0.973737E-02
   0.387678E-01   0.967299E-02   0.493678E-04   0.964100E-02   0.964100E-02
   0.392239E-01   0.962954E-02   0.491531E-04   0.954480E-02   0.954480E-02
   0.396799E-01   0.941178E-02   0.478282E-04   0.944880E-02   0.944880E-02
   0.401360E-01   0.940396E-02   0.486092E-04   0.935301E-02   0.935301E-02
   0.405921E-01   0.925488E-02   0.475918E-04   0.925747E-02   0.925747E-02
   0.410482E-01   0.921600E-02   0.475955E-04   0.916219E-02   0.916219E-02
   0.415042E-01   0.910896E-02   0.466808E-04   0.906720E-02   0.906720E-02
   0.419603E-01   0.908758E-02   0.466890E-04   0.897253E-02   0.897253E-02
   0.424164E-01   0.897174E-02   0.470649E-04   0.887820E-02   0.887820E-02
   0.428725E-01   0.869781E-02   0.460548E-04   0.878422E-02   0.878422E-02
   0.433285E-01   0.874532E-02   0.457615E-04   0.869062E-02   0.869062E-02
   0.437846E-01   0.862829E-02   0.453027E-04   0.859742E-02   0.859742E-02
   0.442407E-01   0.843987E-02   0.450820E-04   0.850463E-02   0.850463E-02
   0.446968E-01   0.848151E-02   0.451835E-04   0.841229E-02   0.841229E-02
   0.451528E-01   0.830961E-02   0.448024E-04   0.832040E-02   0.832040E-02
   0.456089E-01   0.818905E-02   0.439610E-04   0.822898E-02   0.822898E-02
   0.460650E-01   0.813715E-02   0.441131E-04   0.813806E-02   0.813806E-02
   0.465210E-01   0.807547E-02   0.435739E-04   0.804764E-02   0.804764E-02
   0.469771E-01   0.804937E-02   0.438480E-04   0.795775E-02   0.795775E-02
   0.474332E-01   0.789604E-02   0.428480E-04   0.786840E-02   0.786840E-02
   0.478892E-01   0.783759E-02   0.429662E-04   0.777959E-02   0.777959E-02
   0.483453E-01   0.767092E-02   0.427213E-04   0.769136E-02   0.769136E-02
   0.488014E-01   0.758769E-02   0.423788E-04   0.760371E-02   0.760371E-02
   0.492574E-01   0.768082E-02   0.418616E-04   0.751665E-02   0.751665E-02
   0.497135E-01   0.748791E-02   0.415414E-04   0.743020E-02   0.743020E-02
   0.501696E-01   0.730053E-02   0.415918E-04   0.734437E-02   0.734437E-02
   0.506256E-01   0.730605E-02   0.414182E-04   0.725916E-02   0.725916E-02
   0.510817E-01   0.727534E-02   0.410821E-04   0.717460E-02   0.717460E-02
   0.515378E-01   0.710244E-02   0.405517E-04   0.709069E-02   0.709069E-02
   0.519938E-01   0.699871E-02   0.404003E-04   0.700744E-02   0.700744E-02
   0.524499E-01   0.700844E-02   0.403162E-04   0.692485E-02   0.692485E-02
   0.529059E-01   0.701235E-02   0.402700E-04   0.684294E-02   0.684294E-02
   0.533620E-01   0.676019E-02   0.394699E-04   0.676172E-02   0.676172E-02
   0.538180E-01   0.674105E-02   0.395114E-04   0.668118E-02   0.668118E-02
   0.542741E-01   0.665497E-02   0.393393E-04   0.660134E-02   0.660134E-02
   0.547302E-01   0.657284E-02   0.389617E-04   0.652221E-02   0.652221E-02
   0.551862E-01   0.645703E-02   0.383593E-04   0.644378E-02   0.644378E-02
   0.556423E-01   0.643133E-02   0.385667E-04   0.636608E-02   0.636608E-02
   0.560983E-01   0.624821E-02   0.380451E-04   0.628908E-02   0.628908E-02
   0.565544E-01   0.634594E-02   0.383681E-04   0.621282E-02   0.621282E-02
   0.570104E-01   0.615005E-02   0.379946E-04   0.613727E-02   0.613727E-02
   0.574665E-01   0.605144E-02   0.388898E-04   0.606246E-02   0.606246E-02
   0.579226E-01   0.597354E-02   0.393884E-04   0.598838E-02   0.598838E-02
   0.583786E-01   0.596778E-02   0.393694E-04   0.591503E-02   0.591503E-02
   0.588347E-01   0.587609E-02   0.397719E-04   0.584242E-02   0.584242E-02
   0.592907E-01   0.582976E-02   0.387969E-04   0.577055E-02   0.577055E-02
   0.597468E-01   0.574812E-02   0.384275E-04   0.569941E-02   0.569941E-02
   0.602028E-01   0.564810E-02   0.380123E-04   0.562902E-02   0.562902E-02
   0.606589E-01   0.555582E-02   0.370714E-04   0.555936E-02   0.555936E-02
   0.611149E-01   0.558786E-02   0.370414E-04   0.549044E-02   0.549044E-02
   0.615709E-01   0.546427E-02   0.365426E-04   0.542226E-02   0.542226E-02
   0.620270E-01   0.541691E-02   0.366449E-04   0.535481E-02   0.535481E-02
   0.624830E-01   0.537798E-02   0.362190E-04   0.528810E-02   0.528810E-02
   0.629391E-01   0.527122E-02   0.357270E-04   0.522213E-02   0.522213E-02
   0.633951E-01   0.522279E-02   0.355347E-04   0.515689E-02   0.515689E-02
   0.638512E-01   0.511739E-02   0.351800E-04   0.509237E-02   0.509237E-02
   0.643072E-01   0.507437E-02   0.348910E-04   0.502859E-02   0.502859E-02
   0.647632E-01   0.498139E-02   0.343567E-04   0.496552E-02   0.496552E-02
   0.652193E-01   0.490102E-02   0.344985E-04   0.490318E-02   0.490318E-02
   0.656753E-01   0.483869E-02   0.342033E-04   0.484156E-02   0.484156E-02
   0.661314E-01   0.476263E-02   0.336746E-04   0.478065E-02   0.478065E-02
   0.665874E-01   0.479187E-02   0.338287E-04   0.472045E-02   0.472045E-02
   0.670434E-01   0.472303E-02   0.335463E-04   0.466096E-02   0.466096E-02
   0.674995E-01   0.462954E-02   0.333790E-04   0.460217E-02   0.460217E-02
   0.679555E-01   0.460991E-02   0.333543E-04   0.454408E-02   0.454408E-02
   0.684115E-01   0.451910E-02   0.328758E-04   0.448668E-02   0.448668E-02
   0.688676E-01   0.447695E-02   0.326958E-04   0.442997E-02   0.442997E-02
   0.693236E-01   0.437266E-02   0.326401E-04   0.437394E-02   0.437394E-02
   0.697796E-01   0.430312E-02   0.324089E-04   0.431859E-02   0.431859E-02
   0.702357E-01   0.428240E-02   0.323140E-04   0.426391E-02   0.426391E-02
   0.706917E-01   0.423543E-02   0.318031E-04   0.420990E-02   0.420990E-02
   0.711477E-01   0.416883E-02   0.319989E-04   0.415655E-02   0.415655E-02
   0.716038E-01   0.415016E-02   0.317144E-04   0.410385E-02   0.410385E-02
   0.720598E-01   0.406937E-02   0.316960E-04   0.405181E-02   0.405181E-02
   0.725158E-01   0.401440E-02   0.312604E-04   0.400041E-02   0.400041E-02
   0.729718E-01   0.398126E-02   0.310366E-04   0.394965E-02   0.394965E-02
   0.734279E-01   0.394845E-02   0.312473E-04   0.389952E-02   0.389952E-02
   0.738839E-01   0.387462E-02   0.308188E-04   0.385002E-02   0.385002E-02
   0.743399E-01   0.385284E-02   0.306736E-04   0.380113E-02   0.380113E-02
   0.747959E-01   0.377281E-02   0.305150E-04   0.375286E-02   0.375286E-02
   0.752519E-01   0.371454E-02   0.304698E-04   0.370520E-02   0.370520E-02
   0.757080E-01   0.368177E-02   0.301711E-04   0.365814E-02   0.365814E-02
   0.761640E-01   0.363255E-02   0.300198E-04   0.361167E-02   0.361167E-02
   0.766200E-01   0.355225E-02   0.298285E-04   0.356579E-02   0.356579E-02
   0.770760E-01   0.355674E-02   0.298969E-04   0.352050E-02   0.352050E-02
   0.775320E-01   0.346998E-02   0.296418E-04   0.347578E-02   0.347578E-02
   0.779881E-01   0.346586E-02   0.294426E-04   0.343163E-02   0.343163E-02
   0.784441E-01   0.341603E-02   0.291721E-04   0.338804E-02   0.338804E-02
   0.789001E-01   0.332262E-02   0.291434E-04   0.334500E-02   0.334500E-02
   0.793561E-01   0.333158E-02   0.290733E-04   0.330252E-02   0.330252E-02
   0.798121E-01   0.330877E-02   0.291408E-04   0.326058E-02   0.326058E-02
   0.802681E-01   0.319210E-02   0.285468E-04   0.321918E-02   0.321918E-02
   0.807241E-01   0.316979E-02   0.285086E-04   0.317831E-02   0.317831E-02
   0.811801E-01   0.312740E-02   0.285817E-04   0.313796E-02   0.313796E-02
   0.816361E-01   0.309417E-02   0.282295E-04   0.309813E-02   0.309813E-02
   0.820921E-01   0.308374E-02   0.283391E-04   0.305882E-02   0.305882E-02
   0.825481E-01   0.299961E-02   0.278420E-04   0.302001E-02   0.302001E-02
   0.830041E-01   0.300059E-02   0.280613E-04   0.298170E-02   0.298170E-02
   0.834601E-01   0.296704E-02   0.278691E-04   0.294388E-02   0.294388E-02
   0.839161E-01   0.288295E-02   0.274874E-04   0.290655E-02   0.290655E-02
   0.843722E-01   0.290271E-02   0.277311E-04   0.286970E-02   0.286970E-02
   0.848282E-01   0.282692E-02   0.273993E-04   0.283333E-02   0.283333E-02
   0.852842E-01   0.278425E-02   0.275012E-04   0.279743E-02   0.279743E-02
   0.857401E-01   0.274592E-02   0.271388E-04   0.276200E-02   0.276200E-02
   0.861961E-01   0.277889E-02   0.269580E-04   0.272702E-02   0.272702E-02
   0.866521E-01   0.272191E-02   0.270611E-04   0.269249E-02   0.269249E-02
   0.871081E-01   0.267325E-02   0.268664E-04   0.265842E-02   0.265842E-02
   0.875641E-01   0.261732E-02   0.267380E-04   0.262478E-02   0.262478E-02
   0.880201E-01   0.254657E-02   0.264677E-04   0.259158E-02   0.259158E-02
   0.884761E-01   0.257052E-02   0.264883E-04   0.255881E-02   0.255881E-02
   0.889321E-01   0.251757E-02   0.264116E-04   0.252647E-02   0.252647E-02
   0.893881E-01   0.248354E-02   0.262638E-04   0.249455E-02   0.249455E-02
   0.898441E-01   0.244129E-02   0.260807E-04   0.246304E-02   0.246304E-02
   0.903001E-01   0.246537E-02   0.261741E-04   0.243194E-02   0.243194E-02
   0.907560E-01   0.245407E-02   0.267804E-04   0.240125E-02   0.240125E-02
   0.912120E-01   0.235182E-02   0.268566E-04   0.237096E-02   0.237096E-02
   0.916680E-01   0.232320E-02   0.266975E-04   0.234106E-02   0.234106E-02
   0.921240E-01   0.234135E-02   0.271240E-04   0.231156E-02   0.231156E-02
   0.925800E-01   0.233861E-02   0.273206E-04   0.228244E-02   0.228244E-02
   0.930360E-01   0.227267E-02   0.274559E-04   0.225370E-02   0.225370E-02
   0.934919E-01   0.225193E-02   0.272925E-04   0.222533E-02   0.222533E-02
   0.939479E-01   0.223443E-02   0.274076E-04   0.219734E-02   0.219734E-02
   0.944039E-01   0.220583E-02   0.274123E-04   0.216972E-02   0.216972E-02
   0.948598E-01   0.215071E-02   0.275383E-04   0.214246E-02   0.214246E-02
   0.953158E-01   0.215005E-02   0.276103E-04   0.211555E-02   0.211555E-02
   0.957718E-01   0.214529E-02   0.275881E-04   0.208900E-02   0.208900E-02
   0.962278E-01   0.206207E-02   0.278038E-04   0.206281E-02   0.206281E-02
   0.966837E-01   0.205290E-02   0.276003E-04   0.203695E-02   0.203695E-02
   0.971397E-01   0.204287E-02   0.274828E-04   0.201144E-02   0.201144E-02
   0.975957E-01   0.195406E-02   0.274766E-04   0.198626E-02   0.198626E-02
   0.980516E-01   0.197942E-02   0.277442E-04   0.196142E-02   0.196142E-02
   0.985076E-01   0.197908E-02   0.279929E-04   0.193691E-02   0.193691E-02
   0.989636E-01   0.193755E-02   0.277584E-04   0.191272E-02   0.191272E-02
   0.994195E-01   0.185785E-02   0.266590E-04   0.188886E-02   0.188886E-02
   0.998755E-01   0.183613E-02   0.263434E-04   0.186531E-02   0.186531E-02
   0.100331E+00   0.183941E-02   0.262034E-04   0.184208E-02   0.184208E-02
   0.100787E+00   0.181560E-02   0.260577E-04   0.181915E-02   0.181915E-02
   0.101243E+00   0.182260E-02   0.256567E-04   0.179654E-02   0.179654E-02
   0.101699E+00   0.177008E-02   0.256174E-04   0.177422E-02   0.177422E-02
   0.102155E+00   0.175299E-02   0.252840E-04   0.175221E-02   0.175221E-02
   0.102611E+00   0.175157E-02   0.252287E-04   0.173049E-02   0.173049E-02
   0.103067E+00   0.170410E-02   0.250602E-04   0.170906E-02   0.170906E-02
   0.103523E+00   0.170015E-02   0.248785E-04   0.168793E-02   0.168793E-02
   0.103979E+00   0.166570E-02   0.249147E-04   0.166707E-02   0.166707E-02
   0.104435E+00   0.164867E-02   0.246936E-04   0.164650E-02   0.164650E-02
   0.104891E+00   0.163834E-02   0.244754E-04   0.162621E-02   0.162621E-02
   0.105347E+00   0.163820E-02   0.243754E-04   0.160619E-02   0.160619E-02
   0.105803E+00   0.159229E-02   0.242078E-04   0.158644E-02   0.158644E-02
   0.106259E+00   0.156441E-02   0.242991E-04   0.156697E-02   0.156697E-02
   0.106715E+00   0.154197E-02   0.239366E-04   0.154776E-02   0.154776E-02
   0.107171E+00   0.151863E-02   0.239055E-04   0.152881E-02   0.152881E-02
   0.107627E+00   0.152837E-02   0.237907E-04   0.151012E-02   0.151012E-02
   0.108083E+00   0.154289E-02   0.237359E-04   0.149168E-02   0.149168E-02
   0.108538E+00   0.145355E-02   0.235345E-04   0.147350E-02   0.147350E-02
   0.108994E+00   0.147023E-02   0.233699E-04   0.145556E-02   0.145556E-02
   0.109450E+00   0.141519E-02   0.233778E-04   0.143787E-02   0.143787E-02
   0.109906E+00   0.141349E-02   0.233713E-04   0.142043E-02   0.142043E-02
   0.110362E+00   0.137473E-02   0.230741E-04   0.140323E-02   0.140323E-02
   0.110818E+00   0.140220E-02   0.232032E-04   0.138625E-02   0.138625E-02
   0.111274E+00   0.140446E-02   0.228198E-04   0.136953E-02   0.136953E-02
   0.111730E+00   0.132752E-02   0.230136E-04   0.135302E-02   0.135302E-02
   0.112186E+00   0.133814E-02   0.228524E-04   0.133675E-02   0.133675E-02
   0.112642E+00   0.130339E-02   0.226740E-04   0.132070E-02   0.132070E-02
   0.113098E+00   0.133104E-02   0.226579E-04   0.130487E-02   0.130487E-02
   0.113554E+00   0.127313E-02   0.225731E-04   0.128927E-02   0.128927E-02
   0.114010E+00   0.127959E-02   0.225328E-04   0.127387E-02   0.127387E-02
   0.114465E+00   0.123679E-02   0.223867E-04   0.125870E-02   0.125870E-02
   0.114921E+00   0.123877E-02   0.223491E-04   0.124373E-02   0.124373E-02
   0.115377E+00   0.125677E-02   0.223753E-04   0.122897E-02   0.122897E-02
   0.115833E+00   0.118146E-02   0.222748E-04   0.121441E-02   0.121441E-02
   0.116289E+00   0.116856E-02   0.221715E-04   0.120006E-02   0.120006E-02
   0.116745E+00   0.119442E-02   0.220333E-04   0.118591E-02   0.118591E-02
   0.117201E+00   0.116143E-02   0.221234E-04   0.117195E-02   0.117195E-02
   0.117657E+00   0.111344E-02   0.219688E-04   0.115818E-02   0.115818E-02
   0.118113E+00   0.110604E-02   0.219097E-04   0.114461E-02   0.114461E-02
   0.118569E+00   0.116923E-02   0.218899E-04   0.113123E-02   0.113123E-02
   0.119025E+00   0.111685E-02   0.216466E-04   0.111803E-02   0.111803E-02
   0.119481E+00   0.109155E-02   0.217387E-04   0.110501E-02   0.110501E-02
   0.119936E+00   0.107540E-02   0.216181E-04   0.109218E-02   0.109218E-02
   0.120392E+00   0.105912E-02   0.216039E-04   0.107952E-02   0.107952E-02
   0.120848E+00   0.108536E-02   0.214491E-04   0.106704E-02   0.106704E-02
   0.121304E+00   0.104506E-02   0.214366E-04   0.105473E-02   0.105473E-02
   0.121760E+00   0.105401E-02   0.214465E-04   0.104259E-02   0.104259E-02
   0.122216E+00   0.104815E-02   0.213170E-04   0.103061E-02   0.103061E-02
   0.122672E+00   0.101902E-02   0.212860E-04   0.101880E-02   0.101880E-02
   0.123128E+00   0.103082E-02   0.212132E-04   0.100716E-02   0.100716E-02
   0.123584E+00   0.983191E-03   0.211499E-04   0.995672E-03   0.995672E-03
   0.124039E+00   0.101030E-02   0.211585E-04   0.984343E-03   0.984343E-03
   0.124495E+00   0.959278E-03   0.208813E-04   0.973172E-03   0.973172E-03
   0.124951E+00   0.962820E-03   0.210497E-04   0.962150E-03   0.962150E-03
   0.125407E+00   0.927987E-03   0.208688E-04   0.951279E-03   0.951279E-03
   0.125863E+00   0.942474E-03   0.208678E-04   0.940556E-03   0.940556E-03
   0.126319E+00   0.948931E-03   0.207665E-04   0.929977E-03   0.929977E-03
   0.126775E+00   0.906441E-03   0.206231E-04   0.919550E-03   0.919550E-03
   0.127231E+00   0.915393E-03   0.207616E-04   0.909253E-03   0.909253E-03
   0.127687E+00   0.920373E-03   0.206450E-04   0.899099E-03   0.899099E-03
   0.128142E+00   0.898295E-03   0.206648E-04   0.889081E-03   0.889081E-03
   0.128598E+00   0.884664E-03   0.203823E-04   0.879200E-03   0.879200E-03
   0.129054E+00   0.859065E-03   0.204115E-04   0.869449E-03   0.869449E-03
   0.129510E+00   0.899853E-03   0.205332E-04   0.859828E-03   0.859828E-03
   0.129966E+00   0.824416E-03   0.203245E-04   0.850338E-03   0.850338E-03
   0.130422E+00   0.840438E-03   0.203011E-04   0.840971E-03   0.840971E-03
   0.130878E+00   0.822915E-03   0.201658E-04   0.831728E-03   0.831728E-03
   0.131333E+00   0.778514E-03   0.202433E-04   0.822609E-03   0.822609E-03
   0.131789E+00   0.790571E-03   0.202033E-04   0.813609E-03   0.813609E-03
   0.132245E+00   0.793087E-03   0.200743E-04   0.804728E-03   0.804728E-03
   0.132701E+00   0.818132E-03   0.200556E-04   0.795962E-03   0.795962E-03
   0.133157E+00   0.782666E-03   0.200854E-04   0.787313E-03   0.787313E-03
   0.133613E+00   0.785979E-03   0.199695E-04   0.778773E-03   0.778773E-03
   0.134069E+00   0.740292E-03   0.198763E-04   0.770347E-03   0.770347E-03
   0.134524E+00   0.793503E-03   0.198698E-04   0.762029E-03   0.762029E-03
   0.134980E+00   0.727853E-03   0.198460E-04   0.753818E-03   0.753818E-03
   0.135436E+00   0.736560E-03   0.198661E-04   0.745711E-03   0.745711E-03
   0.135892E+00   0.740034E-03   0.197313E-04   0.737711E-03   0.737711E-03
   0.136348E+00   0.715796E-03   0.196598E-04   0.729811E-03   0.729811E-03
   0.136804E+00   0.682149E-03   0.196087E-04   0.722013E-03   0.722013E-03
   0.137259E+00   0.724914E-03   0.196793E-04   0.714315E-03   0.714315E-03
   0.137715E+00   0.705015E-03   0.195216E-04   0.706712E-03   0.706712E-03
   0.138171E+00   0.710227E-03   0.195365E-04   0.699208E-03   0.699208E-03
   0.138627E+00   0.712312E-03   0.195552E-04   0.691796E-03   0.691796E-03
   0.139083E+00   0.649116E-03   0.193635E-04   0.684480E-03   0.684480E-03
   0.139539E+00   0.665789E-03   0.194235E-04   0.677255E-03   0.677255E-03
   0.139994E+00   0.653586E-03   0.192894E-04   0.670120E-03   0.670120E-03
   0.140450E+00   0.638924E-03   0.192582E-04   0.663073E-03   0.663073E-03
   0.140906E+00   0.653993E-03   0.193727E-04   0.656116E-03   0.656116E-03
   0.141362E+00   0.668748E-03   0.193274E-04   0.649245E-03   0.649245E-03
   0.141818E+00   0.665571E-03   0.191992E-04   0.642459E-03   0.642459E-03
   0.142274E+00   0.626573E-03   0.191094E-04   0.635760E-03   0.635760E-03
   0.142729E+00   0.606026E-03   0.190865E-04   0.629141E-03   0.629141E-03
   0.143185E+00   0.610894E-03   0.191239E-04   0.622600E-03   0.622600E-03
   0.143641E+00   0.587832E-03   0.190500E-04   0.616144E-03   0.616144E-03
   0.144097E+00   0.599797E-03   0.189448E-04   0.609767E-03   0.609767E-03
   0.144553E+00   0.580197E-03   0.189659E-04   0.603468E-03   0.603468E-03
   0.145008E+00   0.559030E-03   0.188784E-04   0.597247E-03   0.597247E-03
   0.145464E+00   0.587278E-03   0.188495E-04   0.591102E-03   0.591102E-03
   0.145920E+00   0.562082E-03   0.187864E-04   0.585032E-03   0.585032E-03
   0.146376E+00   0.558341E-03   0.188088E-04   0.579037E-03   0.579037E-03
   0.146832E+00   0.587211E-03   0.189123E-04   0.573115E-03   0.573115E-03
   0.147287E+00   0.557288E-03   0.187206E-04   0.567265E-03   0.567265E-03
   0.147743E+00   0.558752E-03   0.186054E-04   0.561488E-03   0.561488E-03
   0.148199E+00   0.567687E-03   0.187181E-04   0.555780E-03   0.555780E-03
   0.148655E+00   0.552474E-03   0.186367E-04   0.550143E-03   0.550143E-03
   0.149111E+00   0.559907E-03   0.187153E-04   0.544574E-03   0.544574E-03
   0.149566E+00   0.548453E-03   0.184978E-04   0.539074E-03   0.539074E-03
   0.150022E+00   0.550245E-03   0.185540E-04   0.533640E-03   0.533640E-03
   0.150478E+00   0.504535E-03   0.184615E-04   0.528274E-03   0.528274E-03
   0.150934E+00   0.517696E-03   0.184408E-04   0.522973E-03   0.522973E-03
   0.151390E+00   0.502285E-03   0.184649E-04   0.517738E-03   0.517738E-03
   0.151845E+00   0.492690E-03   0.182367E-04   0.512567E-03   0.512567E-03
   0.152301E+00   0.508138E-03   0.184294E-04   0.507459E-03   0.507459E-03
   0.152757E+00   0.510235E-03   0.183556E-04   0.502413E-03   0.502413E-03
   0.153213E+00   0.486823E-03   0.182451E-04   0.497431E-03   0.497431E-03
   0.153668E+00   0.472491E-03   0.181682E-04   0.492510E-03   0.492510E-03
   0.154124E+00   0.492656E-03   0.182506E-04   0.487649E-03   0.487649E-03
   0.154580E+00   0.441234E-03   0.182524E-04   0.482848E-03   0.482848E-03
   0.155036E+00   0.468741E-03   0.181582E-04   0.478108E-03   0.478108E-03
   0.155492E+00   0.435314E-03   0.180093E-04   0.473425E-03   0.473425E-03
   0.155947E+00   0.485025E-03   0.181088E-04   0.468801E-03   0.468801E-03
   0.156403E+00   0.428549E-03   0.180134E-04   0.464235E-03   0.464235E-03
   0.156859E+00   0.477875E-03   0.181507E-04   0.459726E-03   0.459726E-03
   0.157314E+00   0.462586E-03   0.179368E-04   0.455273E-03   0.455273E-03
   0.157770E+00   0.448384E-03   0.179626E-04   0.450876E-03   0.450876E-03
   0.158226E+00   0.446211E-03   0.179680E-04   0.446536E-03   0.446536E-03
   0.158682E+00   0.447423E-03   0.178739E-04   0.442244E-03   0.442244E-03
   0.159137E+00   0.434815E-03   0.179017E-04   0.438014E-03   0.438014E-03
   0.159593E+00   0.440507E-03   0.177703E-04   0.433834E-03   0.433834E-03
   0.160049E+00   0.434269E-03   0.178923E-04   0.429708E-03   0.429708E-03
   0.160505E+00   0.451162E-03   0.178608E-04   0.425633E-03   0.425633E-03
   0.160961E+00   0.420126E-03   0.177540E-04   0.421611E-03   0.421611E-03
   0.161416E+00   0.391790E-03   0.176703E-04   0.417640E-03   0.417640E-03
   0.161872E+00   0.419570E-03   0.176514E-04   0.413719E-03   0.413719E-03
   0.162328E+00   0.435517E-03   0.178226E-04   0.409849E-03   0.409849E-03
   0.162783E+00   0.405154E-03   0.176670E-04   0.406029E-03   0.406029E-03
   0.163239E+00   0.392344E-03   0.174907E-04   0.402257E-03   0.402257E-03
   0.163695E+00   0.399510E-03   0.176426E-04   0.398534E-03   0.398534E-03
   0.164151E+00   0.397489E-03   0.175719E-04   0.394859E-03   0.394859E-03
   0.164606E+00   0.370335E-03   0.174535E-04   0.391231E-03   0.391231E-03
   0.165062E+00   0.396290E-03   0.174973E-04   0.387651E-03   0.387651E-03
   0.165518E+00   0.377404E-03   0.174395E-04   0.384117E-03   0.384117E-03
   0.165973E+00   0.376741E-03   0.175447E-04   0.380628E-03   0.380628E-03
   0.166429E+00   0.400550E-03   0.174005E-04   0.377185E-03   0.377185E-03
   0.166885E+00   0.387762E-03   0.173928E-04   0.373788E-03   0.373788E-03
   0.167341E+00   0.376534E-03   0.173152E-04   0.370433E-03   0.370433E-03
   0.167796E+00   0.339810E-03   0.173414E-04   0.367124E-03   0.367124E-03
   0.168252E+00   0.359827E-03   0.173849E-04   0.363857E-03   0.363857E-03
   0.168708E+00   0.357316E-03   0.172384E-04   0.360632E-03   0.360632E-03
   0.169163E+00   0.347451E-03   0.172554E-04   0.357451E-03   0.357451E-03
   0.169619E+00   0.320106E-03   0.171723E-04   0.354310E-03   0.354310E-03
   0.170075E+00   0.344523E-03   0.171812E-04   0.351211E-03   0.351211E-03
   0.170531E+00   0.311023E-03   0.171484E-04   0.348152E-03   0.348152E-03
   0.170986E+00   0.335394E-03   0.170801E-04   0.345134E-03   0.345134E-03
   0.171442E+00   0.347794E-03   0.171366E-04   0.342155E-03   0.342155E-03
   0.171898E+00   0.325103E-03   0.171376E-04   0.339215E-03   0.339215E-03
   0.172353E+00   0.313285E-03   0.169965E-04   0.336313E-03   0.336313E-03
   0.172809E+00   0.342468E-03   0.169869E-04   0.333450E-03   0.333450E-03
   0.173265E+00   0.291528E-03   0.170103E-04   0.330623E-03   0.330623E-03
   0.173720E+00   0.330490E-03   0.170146E-04   0.327833E-03   0.327833E-03
   0.174176E+00   0.337588E-03   0.170357E-04   0.325076E-03   0.325076E-03
   0.174632E+00   0.316137E-03   0.168286E-04   0.322363E-03   0.322363E-03
   0.175087E+00   0.299417E-03   0.168353E-04   0.319682E-03   0.319682E-03
   0.175543E+00   0.311099E-03   0.169831E-04   0.317035E-03   0.317035E-03
   0.175999E+00   0.284632E-03   0.168358E-04   0.314422E-03   0.314422E-03
   0.176454E+00   0.271069E-03   0.167975E-04   0.311843E-03   0.311843E-03
   0.176910E+00   0.311777E-03   0.167724E-04   0.309297E-03   0.309297E-03
   0.177366E+00   0.314815E-03   0.168050E-04   0.306784E-03   0.306784E-03
   0.177821E+00   0.278273E-03   0.169775E-04   0.304304E-03   0.304304E-03
   0.178277E+00   0.320784E-03   0.172134E-04   0.301855E-03   0.301855E-03
   0.178733E+00   0.268791E-03   0.172091E-04   0.299437E-03   0.299437E-03
   0.179188E+00   0.273806E-03   0.173591E-04   0.297050E-03   0.297050E-03
   0.179644E+00   0.289588E-03   0.174715E-04   0.294693E-03   0.294693E-03
   0.180100E+00   0.289292E-03   0.175132E-04   0.292366E-03   0.292366E-03
   0.180555E+00   0.260796E-03   0.174024E-04   0.290069E-03   0.290069E-03
   0.181011E+00   0.301916E-03   0.175414E-04   0.287800E-03   0.287800E-03
   0.181467E+00   0.273127E-03   0.175522E-04   0.285559E-03   0.285559E-03
   0.181922E+00   0.255084E-03   0.174741E-04   0.283346E-03   0.283346E-03
   0.182378E+00   0.278169E-03   0.175165E-04   0.281161E-03   0.281161E-03
   0.182834E+00   0.293601E-03   0.175171E-04   0.279003E-03   0.279003E-03
   0.183289E+00   0.298969E-03   0.176227E-04   0.276871E-03   0.276871E-03
   0.183745E+00   0.263684E-03   0.175542E-04   0.274765E-03   0.274765E-03
   0.184200E+00   0.271312E-03   0.175408E-04   0.272685E-03   0.272685E-03
   0.184656E+00   0.275720E-03   0.174793E-04   0.270630E-03   0.270630E-03
   0.185112E+00   0.223769E-03   0.175456E-04   0.268600E-03   0.268600E-03
   0.185567E+00   0.284026E-03   0.175962E-04   0.266594E-03   0.266594E-03
   0.186023E+00   0.239607E-03   0.175263E-04   0.264612E-03   0.264612E-03
   0.186478E+00   0.294398E-03   0.175565E-04   0.262654E-03   0.262654E-03
   0.186934E+00   0.270975E-03   0.175986E-04   0.260718E-03   0.260718E-03
   0.187390E+00   0.237517E-03   0.175761E-04   0.258805E-03   0.258805E-03
   0.187845E+00   0.279356E-03   0.175414E-04   0.256915E-03   0.256915E-03
   0.188301E+00   0.246763E-03   0.175072E-04   0.255046E-03   0.255046E-03
   0.188757E+00   0.244151E-03   0.176236E-04   0.253200E-03   0.253200E-03
   0.189212E+00   0.233330E-03   0.175039E-04   0.251374E-03   0.251374E-03
   0.189668E+00   0.241148E-03   0.175257E-04   0.249569E-03   0.249569E-03
   0.190123E+00   0.240137E-03   0.175200E-04   0.247785E-03   0.247785E-03
   0.190579E+00   0.220714E-03   0.174616E-04   0.246020E-03   0.246020E-03
   0.191035E+00   0.221132E-03   0.175376E-04   0.244276E-03   0.244276E-03
   0.191490E+00   0.257417E-03   0.175226E-04   0.242552E-03   0.242552E-03
   0.191946E+00   0.207615E-03   0.175598E-04   0.240846E-03   0.240846E-03
   0.192401E+00   0.197942E-03   0.173859E-04   0.239159E-03   0.239159E-03
   0.192857E+00   0.216877E-03   0.174855E-04   0.237492E-03   0.237492E-03
   0.193312E+00   0.242199E-03   0.176032E-04   0.235842E-03   0.235842E-03
   0.193768E+00   0.250820E-03   0.174076E-04   0.234210E-03   0.234210E-03
   0.194224E+00   0.191893E-03   0.175247E-04   0.232596E-03   0.232596E-03
   0.194679E+00   0.239934E-03   0.175096E-04   0.231000E-03   0.231000E-03
   0.195135E+00   0.232934E-03   0.174526E-04   0.229420E-03   0.229420E-03
   0.195590E+00   0.187184E-03   0.174809E-04   0.227858E-03   0.227858E-03
   0.196046E+00   0.227543E-03   0.173763E-04   0.226312E-03   0.226312E-03
   0.196501E+00   0.226139E-03   0.175311E-04   0.224783E-03   0.224783E-03
   0.196957E+00   0.239310E-03   0.174979E-04   0.223270E-03   0.223270E-03
   0.197413E+00   0.242069E-03   0.174276E-04   0.221773E-03   0.221773E-03
   0.197868E+00   0.193183E-03   0.173665E-04   0.220292E-03   0.220292E-03
   0.198324E+00   0.211764E-03   0.173983E-04   0.218826E-03   0.218826E-03
   0.198779E+00   0.204975E-03   0.175048E-04   0.217376E-03   0.217376E-03
   0.199235E+00   0.192586E-03   0.173499E-04   0.215941E-03   0.215941E-03
   0.199690E+00   0.232549E-03   0.174399E-04   0.214521E-03   0.214521E-03
   0.200146E+00   0.206768E-03   0.173417E-04   0.213116E-03   0.213116E-03
   0.200601E+00   0.216754E-03   0.173667E-04   0.211726E-03   0.211726E-03
   0.201057E+00   0.218553E-03   0.173332E-04   0.210350E-03   0.210350E-03
   0.201513E+00   0.235583E-03   0.173313E-04   0.208988E-03   0.208988E-03
   0.201968E+00   0.187257E-03   0.172118E-04   0.207640E-03   0.207640E-03
   0.202424E+00   0.195584E-03   0.172391E-04   0.206307E-03   0.206307E-03
   0.202879E+00   0.198268E-03   0.172128E-04   0.204986E-03   0.204986E-03
   0.203335E+00   0.193331E-03   0.171974E-04   0.203680E-03   0.203680E-03
   0.203790E+00   0.177899E-03   0.170609E-04   0.202388E-03   0.202388E-03
   0.204246E+00   0.208702E-03   0.172250E-04   0.201108E-03   0.201108E-03
   0.204701E+00   0.206717E-03   0.171921E-04   0.199842E-03   0.199842E-03
   0.205157E+00   0.191381E-03   0.171679E-04   0.198589E-03   0.198589E-03
   0.205612E+00   0.163367E-03   0.170645E-04   0.197352E-03   0.197352E-03
   0.206068E+00   0.170117E-03   0.170553E-04   0.196126E-03   0.196126E-03
   0.206523E+00   0.213607E-03   0.172355E-04   0.194908E-03   0.194908E-03
   0.206979E+00   0.179991E-03   0.170973E-04   0.193706E-03   0.193706E-03
   0.207434E+00   0.178129E-03   0.171767E-04   0.192517E-03   0.192517E-03
   0.207890E+00   0.185412E-03   0.170283E-04   0.191340E-03   0.191340E-03
   0.208345E+00   0.204942E-03   0.171249E-04   0.190175E-03   0.190175E-03
   0.208801E+00   0.181957E-03   0.170084E-04   0.189022E-03   0.189022E-03
   0.209256E+00   0.177541E-03   0.170661E-04   0.187882E-03   0.187882E-03
   0.209712E+00   0.189360E-03   0.170914E-04   0.186754E-03   0.186754E-03
   0.210167E+00   0.196490E-03   0.170804E-04   0.185637E-03   0.185637E-03
   0.210623E+00   0.185271E-03   0.170225E-04   0.184532E-03   0.184532E-03
   0.211078E+00   0.169394E-03   0.170740E-04   0.183438E-03   0.183438E-03
   0.211534E+00   0.160442E-03   0.169489E-04   0.182356E-03   0.182356E-03
   0.211989E+00   0.163257E-03   0.170462E-04   0.181286E-03   0.181286E-03
   0.212445E+00   0.180344E-03   0.169793E-04   0.180227E-03   0.180227E-03
   0.212900E+00   0.192866E-03   0.170726E-04   0.179179E-03   0.179179E-03
   0.213356E+00   0.184533E-03   0.170230E-04   0.178142E-03   0.178142E-03
   0.213811E+00   0.177256E-03   0.169510E-04   0.177116E-03   0.177116E-03
   0.214266E+00   0.200216E-03   0.170666E-04   0.176102E-03   0.176102E-03
   0.214722E+00   0.175724E-03   0.169775E-04   0.175097E-03   0.175097E-03
   0.215177E+00   0.190373E-03   0.169770E-04   0.174104E-03   0.174104E-03
   0.215633E+00   0.128031E-03   0.168426E-04   0.173121E-03   0.173121E-03
   0.216088E+00   0.155815E-03   0.169786E-04   0.172149E-03   0.172149E-03
   0.216544E+00   0.154391E-03   0.172234E-04   0.171187E-03   0.171187E-03
   0.216999E+00   0.174166E-03   0.175013E-04   0.170235E-03   0.170235E-03
   0.217455E+00   0.177116E-03   0.176092E-04   0.169294E-03   0.169294E-03
   0.217910E+00   0.143665E-03   0.177592E-04   0.168363E-03   0.168363E-03
   0.218366E+00   0.153848E-03   0.178934E-04   0.167441E-03   0.167441E-03
   0.218821E+00   0.196877E-03   0.179574E-04   0.166530E-03   0.166530E-03
   0.219276E+00   0.130427E-03   0.180320E-04   0.165628E-03   0.165628E-03
   0.219732E+00   0.150227E-03   0.181451E-04   0.164736E-03   0.164736E-03
   0.220187E+00   0.150345E-03   0.182133E-04   0.163854E-03   0.163854E-03
   0.220643E+00   0.181090E-03   0.183826E-04   0.162981E-03   0.162981E-03
   0.221098E+00   0.162048E-03   0.184011E-04   0.162116E-03   0.162116E-03
   0.221554E+00   0.157227E-03   0.184539E-04   0.161262E-03   0.161262E-03
   0.222009E+00   0.160870E-03   0.185018E-04   0.160420E-03   0.160420E-03
   0.222464E+00   0.146906E-03   0.185721E-04   0.159580E-03   0.159580E-03
   0.222920E+00   0.130379E-03   0.186542E-04   0.158753E-03   0.158753E-03
   0.223375E+00   0.127653E-03   0.186425E-04   0.157934E-03   0.157934E-03
   0.223831E+00   0.123376E-03   0.188796E-04   0.157124E-03   0.157124E-03
   0.224286E+00   0.123549E-03   0.186948E-04   0.156322E-03   0.156322E-03
   0.224741E+00   0.186174E-03   0.189209E-04   0.155528E-03   0.155528E-03
   0.225197E+00   0.185189E-03   0.185402E-04   0.154743E-03   0.154743E-03
   0.225652E+00   0.159195E-03   0.182557E-04   0.153966E-03   0.153966E-03
   0.226108E+00   0.166179E-03   0.182769E-04   0.153197E-03   0.153197E-03
   0.226563E+00   0.113959E-03   0.179037E-04   0.152436E-03   0.152436E-03
   0.227018E+00   0.145853E-03   0.178812E-04   0.151683E-03   0.151683E-03
   0.227474E+00   0.155842E-03   0.178955E-04   0.150937E-03   0.150937E-03
   0.227929E+00   0.147310E-03   0.177836E-04   0.150200E-03   0.150200E-03
   0.228384E+00   0.122735E-03   0.177745E-04   0.149469E-03   0.149469E-03
   0.228840E+00   0.116871E-03   0.176052E-04   0.148746E-03   0.148746E-03
   0.229295E+00   0.127871E-03   0.176271E-04   0.148029E-03   0.148029E-03
   0.229751E+00   0.177003E-03   0.177046E-04   0.147322E-03   0.147322E-03
   0.230206E+00   0.141494E-03   0.175330E-04   0.146618E-03   0.146618E-03
   0.230661E+00   0.153414E-03   0.175252E-04   0.145923E-03   0.145923E-03
   0.231117E+00   0.120306E-03   0.174274E-04   0.145234E-03   0.145234E-03
   0.231572E+00   0.130734E-03   0.174941E-04   0.144552E-03   0.144552E-03
   0.232027E+00   0.154649E-03   0.174993E-04   0.143876E-03   0.143876E-03
   0.232483E+00   0.157732E-03   0.174110E-04   0.143207E-03   0.143207E-03
   0.232938E+00   0.183642E-03   0.174456E-04   0.142544E-03   0.142544E-03
   0.233394E+00   0.159391E-03   0.174364E-04   0.141887E-03   0.141887E-03
   0.233849E+00   0.149612E-03   0.174411E-04   0.141236E-03   0.141236E-03
   0.234304E+00   0.139640E-03   0.173755E-04   0.140591E-03   0.140591E-03
   0.234760E+00   0.143926E-03   0.171762E-04   0.139952E-03   0.139952E-03
   0.235215E+00   0.130628E-03   0.172736E-04   0.139319E-03   0.139319E-03
   0.235670E+00   0.133553E-03   0.172621E-04   0.138690E-03   0.138690E-03
   0.236125E+00   0.118501E-03   0.173443E-04   0.138068E-03   0.138068E-03
   0.236581E+00   0.140267E-03   0.171559E-04   0.137451E-03   0.137451E-03
   0.237036E+00   0.134564E-03   0.172411E-04   0.136837E-03   0.136837E-03
   0.237491E+00   0.118649E-03   0.172003E-04   0.136230E-03   0.136230E-03
   0.237947E+00   0.135630E-03   0.171271E-04   0.135628E-03   0.135628E-03
   0.238402E+00   0.103532E-03   0.170881E-04   0.135033E-03   0.135033E-03
   0.238857E+00   0.114628E-03   0.170427E-04   0.134442E-03   0.134442E-03
   0.239313E+00   0.148008E-03   0.172671E-04   0.133854E-03   0.133854E-03
   0.239768E+00   0.153736E-03   0.170804E-04   0.133272E-03   0.133272E-03
   0.240223E+00   0.100663E-03   0.169935E-04   0.132694E-03   0.132694E-03
   0.240679E+00   0.126241E-03   0.170299E-04   0.132121E-03   0.132121E-03
   0.241134E+00   0.122685E-03   0.170301E-04   0.131552E-03   0.131552E-03
   0.241589E+00   0.118060E-03   0.170155E-04   0.130988E-03   0.130988E-03
   0.242044E+00   0.143127E-03   0.170220E-04   0.130427E-03   0.130427E-03
   0.242500E+00   0.111684E-03   0.169602E-04   0.129872E-03   0.129872E-03
   0.242955E+00   0.115702E-03   0.169491E-04   0.129320E-03   0.129320E-03
   0.243410E+00   0.123558E-03   0.168753E-04   0.128772E-03   0.128772E-03
   0.243866E+00   0.124036E-03   0.170340E-04   0.128228E-03   0.128228E-03
   0.244321E+00   0.142031E-03   0.168920E-04   0.127689E-03   0.127689E-03
   0.244776E+00   0.120557E-03   0.169283E-04   0.127153E-03   0.127153E-03
   0.245231E+00   0.118868E-03   0.169063E-04   0.126622E-03   0.126622E-03
   0.245687E+00   0.104682E-03   0.167795E-04   0.126092E-03   0.126092E-03
   0.246142E+00   0.126283E-03   0.168555E-04   0.125568E-03   0.125568E-03
   0.246597E+00   0.124218E-03   0.168283E-04   0.125047E-03   0.125047E-03
   0.247052E+00   0.130785E-03   0.168975E-04   0.124530E-03   0.124530E-03
   0.247508E+00   0.765530E-04   0.167691E-04   0.124017E-03   0.124017E-03
   0.247963E+00   0.118782E-03   0.167504E-04   0.123507E-03   0.123507E-03
   0.248418E+00   0.134674E-03   0.167735E-04   0.123000E-03   0.123000E-03
   0.248873E+00   0.112753E-03   0.167759E-04   0.122497E-03   0.122497E-03
   0.249329E+00   0.154582E-03   0.168180E-04   0.121998E-03   0.121998E-03
   0.249784E+00   0.102218E-03   0.167086E-04   0.121502E-03   0.121502E-03
   0.250239E+00   0.112238E-03   0.167154E-04   0.121009E-03   0.121009E-03
   0.250694E+00   0.127905E-03   0.167149E-04   0.120520E-03   0.120520E-03
   0.251150E+00   0.119480E-03   0.167378E-04   0.120034E-03   0.120034E-03
   0.251605E+00   0.139589E-03   0.166803E-04   0.119551E-03   0.119551E-03
   0.252060E+00   0.124193E-03   0.166675E-04   0.119072E-03   0.119072E-03
   0.252515E+00   0.104193E-03   0.167060E-04   0.118596E-03   0.118596E-03
   0.252970E+00   0.104691E-03   0.165976E-04   0.118127E-03   0.118127E-03
   0.253426E+00   0.127293E-03   0.166537E-04   0.117652E-03   0.117652E-03
   0.253881E+00   0.119135E-03   0.165755E-04   0.117186E-03   0.117186E-03
   0.254336E+00   0.117689E-03   0.165988E-04   0.116724E-03   0.116724E-03
   0.254791E+00   0.108708E-03   0.166279E-04   0.116264E-03   0.116264E-03
   0.255246E+00   0.121861E-03   0.165722E-04   0.115807E-03   0.115807E-03
   0.255702E+00   0.109078E-03   0.166073E-04   0.115354E-03   0.115354E-03
   0.256157E+00   0.117991E-03   0.164958E-04   0.114903E-03   0.114903E-03
   0.256612E+00   0.115174E-03   0.165624E-04   0.114456E-03   0.114456E-03
   0.257067E+00   0.851560E-04   0.164896E-04   0.114012E-03   0.114012E-03
   0.257522E+00   0.928910E-04   0.165135E-04   0.113571E-03   0.113571E-03
   0.257978E+00   0.121891E-03   0.165129E-04   0.113133E-03   0.113133E-03
   0.258433E+00   0.103160E-03   0.164575E-04   0.112699E-03   0.112699E-03
   0.258888E+00   0.118209E-03   0.165639E-04   0.112267E-03   0.112267E-03
   0.259343E+00   0.111909E-03   0.164078E-04   0.111839E-03   0.111839E-03
   0.259798E+00   0.962070E-04   0.164047E-04   0.111414E-03   0.111414E-03
   0.260253E+00   0.104992E-03   0.164321E-04   0.110992E-03   0.110992E-03
   0.260709E+00   0.144313E-03   0.164791E-04   0.110573E-03   0.110573E-03
   0.261164E+00   0.984880E-04   0.164275E-04   0.110157E-03   0.110157E-03
   0.261619E+00   0.846540E-04   0.163107E-04   0.109744E-03   0.109744E-03
   0.262074E+00   0.679950E-04   0.163653E-04   0.109334E-03   0.109334E-03
   0.262529E+00   0.111239E-03   0.164085E-04   0.108928E-03   0.108928E-03
   0.262984E+00   0.111640E-03   0.163336E-04   0.108524E-03   0.108524E-03
   0.263439E+00   0.119662E-03   0.164461E-04   0.108124E-03   0.108124E-03
   0.263895E+00   0.965610E-04   0.162461E-04   0.107726E-03   0.107726E-03
   0.264350E+00   0.115768E-03   0.163943E-04   0.107332E-03   0.107332E-03
   0.264805E+00   0.126814E-03   0.163040E-04   0.106941E-03   0.106941E-03
   0.265260E+00   0.106790E-03   0.163805E-04   0.106552E-03   0.106552E-03
   0.265715E+00   0.133381E-03   0.163506E-04   0.106167E-03   0.106167E-03
   0.266170E+00   0.823510E-04   0.161765E-04   0.105785E-03   0.105785E-03
   0.266625E+00   0.870580E-04   0.163204E-04   0.105405E-03   0.105405E-03
   0.267080E+00   0.112517E-03   0.162654E-04   0.105029E-03   0.105029E-03
   0.267535E+00   0.857920E-04   0.162177E-04   0.104656E-03   0.104656E-03
   0.267991E+00   0.904090E-04   0.162365E-04   0.104285E-03   0.104285E-03
   0.268446E+00   0.105418E-03   0.162006E-04   0.103918E-03   0.103918E-03

           ####      Real Space Data                               ####

           Distance distribution  function of particle  


      R          P(R)      ERROR

  0.0000E+00  0.0000E+00  0.0000E+00
  0.6316E+00  0.4020E-06  0.5321E-08
  0.1263E+01  0.8519E-06  0.9637E-08
  0.1895E+01  0.1349E-05  0.1298E-07
  0.2526E+01  0.1893E-05  0.1539E-07
  0.3158E+01  0.2481E-05  0.1693E-07
  0.3789E+01  0.3111E-05  0.1769E-07
  0.4421E+01  0.3782E-05  0.1775E-07
  0.5053E+01  0.4490E-05  0.1723E-07
  0.5684E+01  0.5233E-05  0.1628E-07
  0.6316E+01  0.6007E-05  0.1506E-07
  0.6947E+01  0.6809E-05  0.1378E-07
  0.7579E+01  0.7634E-05  0.1269E-07
  0.8211E+01  0.8479E-05  0.1208E-07
  0.8842E+01  0.9338E-05  0.1213E-07
  0.9474E+01  0.1021E-04  0.1288E-07
  0.1011E+02  0.1109E-04  0.1418E-07
  0.1074E+02  0.1197E-04  0.1579E-07
  0.1137E+02  0.1285E-04  0.1750E-07
  0.1200E+02  0.1372E-04  0.1915E-07
  0.1263E+02  0.1458E-04  0.2063E-07
  0.1326E+02  0.1542E-04  0.2187E-07
  0.1389E+02  0.1625E-04  0.2282E-07
  0.1453E+02  0.1706E-04  0.2348E-07
  0.1516E+02  0.1784E-04  0.2384E-07
  0.1579E+02  0.1859E-04  0.2395E-07
  0.1642E+02  0.1931E-04  0.2385E-07
  0.1705E+02  0.2000E-04  0.2360E-07
  0.1768E+02  0.2065E-04  0.2329E-07
  0.1832E+02  0.2127E-04  0.2302E-07
  0.1895E+02  0.2184E-04  0.2285E-07
  0.1958E+02  0.2237E-04  0.2287E-07
  0.2021E+02  0.2286E-04  0.2313E-07
  0.2084E+02  0.2331E-04  0.2364E-07
  0.2147E+02  0.2371E-04  0.2437E-07
  0.2211E+02  0.2408E-04  0.2528E-07
  0.2274E+02  0.2439E-04  0.2630E-07
  0.2337E+02  0.2467E-04  0.2736E-07
  0.2400E+02  0.2490E-04  0.2839E-07
  0.2463E+02  0.2510E-04  0.2934E-07
  0.2526E+02  0.2525E-04  0.3017E-07
  0.2589E+02  0.2537E-04  0.3085E-07
  0.2653E+02  0.2545E-04  0.3138E-07
  0.2716E+02  0.2549E-04  0.3175E-07
  0.2779E+02  0.2550E-04  0.3199E-07
  0.2842E+02  0.2547E-04  0.3215E-07
  0.2905E+02  0.2542E-04  0.3225E-07
  0.2968E+02  0.2533E-04  0.3236E-07
  0.3032E+02  0.2522E-04  0.3252E-07
  0.3095E+02  0.2509E-04  0.3277E-07
  0.3158E+02  0.2493E-04  0.3316E-07
  0.3221E+02  0.2474E-04  0.3370E-07
  0.3284E+02  0.2454E-04  0.3439E-07
  0.3347E+02  0.2432E-04  0.3521E-07
  0.3411E+02  0.2408E-04  0.3613E-07
  0.3474E+02  0.2383E-04  0.3711E-07
  0.3537E+02  0.2356E-04  0.3812E-07
  0.3600E+02  0.2328E-04  0.3910E-07
  0.3663E+02  0.2299E-04  0.4001E-07
  0.3726E+02  0.2269E-04  0.4085E-07
  0.3789E+02  0.2238E-04  0.4157E-07
  0.3853E+02  0.2206E-04  0.4219E-07
  0.3916E+02  0.2173E-04  0.4270E-07
  0.3979E+02  0.2140E-04  0.4312E-07
  0.4042E+02  0.2106E-04  0.4349E-07
  0.4105E+02  0.2072E-04  0.4383E-07
  0.4168E+02  0.2037E-04  0.4419E-07
  0.4232E+02  0.2002E-04  0.4459E-07
  0.4295E+02  0.1966E-04  0.4507E-07
  0.4358E+02  0.1931E-04  0.4564E-07
  0.4421E+02  0.1895E-04  0.4633E-07
  0.4484E+02  0.1859E-04  0.4712E-07
  0.4547E+02  0.1823E-04  0.4798E-07
  0.4611E+02  0.1787E-04  0.4890E-07
  0.4674E+02  0.1750E-04  0.4984E-07
  0.4737E+02  0.1714E-04  0.5074E-07
  0.4800E+02  0.1678E-04  0.5156E-07
  0.4863E+02  0.1643E-04  0.5225E-07
  0.4926E+02  0.1607E-04  0.5278E-07
  0.4989E+02  0.1571E-04  0.5312E-07
  0.5053E+02  0.1536E-04  0.5325E-07
  0.5116E+02  0.1501E-04  0.5316E-07
  0.5179E+02  0.1466E-04  0.5284E-07
  0.5242E+02  0.1432E-04  0.5233E-07
  0.5305E+02  0.1398E-04  0.5164E-07
  0.5368E+02  0.1364E-04  0.5081E-07
  0.5432E+02  0.1331E-04  0.4990E-07
  0.5495E+02  0.1298E-04  0.4897E-07
  0.5558E+02  0.1266E-04  0.4808E-07
  0.5621E+02  0.1234E-04  0.4729E-07
  0.5684E+02  0.1202E-04  0.4666E-07
  0.5747E+02  0.1171E-04  0.4625E-07
  0.5811E+02  0.1140E-04  0.4608E-07
  0.5874E+02  0.1110E-04  0.4617E-07
  0.5937E+02  0.1081E-04  0.4650E-07
  0.6000E+02  0.1051E-04  0.4706E-07
  0.6063E+02  0.1023E-04  0.4779E-07
  0.6126E+02  0.9948E-05  0.4865E-07
  0.6189E+02  0.9672E-05  0.4958E-07
  0.6253E+02  0.9401E-05  0.5053E-07
  0.6316E+02  0.9135E-05  0.5146E-07
  0.6379E+02  0.8875E-05  0.5232E-07
  0.6442E+02  0.8619E-05  0.5309E-07
  0.6505E+02  0.8369E-05  0.5375E-07
  0.6568E+02  0.8123E-05  0.5429E-07
  0.6632E+02  0.7882E-05  0.5473E-07
  0.6695E+02  0.7647E-05  0.5508E-07
  0.6758E+02  0.7416E-05  0.5534E-07
  0.6821E+02  0.7190E-05  0.5555E-07
  0.6884E+02  0.6969E-05  0.5574E-07
  0.6947E+02  0.6753E-05  0.5593E-07
  0.7011E+02  0.6541E-05  0.5615E-07
  0.7074E+02  0.6335E-05  0.5640E-07
  0.7137E+02  0.6133E-05  0.5671E-07
  0.7200E+02  0.5936E-05  0.5709E-07
  0.7263E+02  0.5743E-05  0.5752E-07
  0.7326E+02  0.5556E-05  0.5799E-07
  0.7389E+02  0.5373E-05  0.5850E-07
  0.7453E+02  0.5195E-05  0.5902E-07
  0.7516E+02  0.5022E-05  0.5953E-07
  0.7579E+02  0.4853E-05  0.6001E-07
  0.7642E+02  0.4690E-05  0.6044E-07
  0.7705E+02  0.4530E-05  0.6079E-07
  0.7768E+02  0.4376E-05  0.6106E-07
  0.7832E+02  0.4226E-05  0.6123E-07
  0.7895E+02  0.4081E-05  0.6130E-07
  0.7958E+02  0.3940E-05  0.6127E-07
  0.8021E+02  0.3803E-05  0.6115E-07
  0.8084E+02  0.3671E-05  0.6094E-07
  0.8147E+02  0.3543E-05  0.6067E-07
  0.8211E+02  0.3419E-05  0.6035E-07
  0.8274E+02  0.3299E-05  0.6000E-07
  0.8337E+02  0.3183E-05  0.5965E-07
  0.8400E+02  0.3071E-05  0.5932E-07
  0.8463E+02  0.2962E-05  0.5904E-07
  0.8526E+02  0.2857E-05  0.5882E-07
  0.8589E+02  0.2755E-05  0.5869E-07
  0.8653E+02  0.2656E-05  0.5866E-07
  0.8716E+02  0.2560E-05  0.5875E-07
  0.8779E+02  0.2467E-05  0.5896E-07
  0.8842E+02  0.2377E-05  0.5931E-07
  0.8905E+02  0.2290E-05  0.5977E-07
  0.8968E+02  0.2205E-05  0.6036E-07
  0.9032E+02  0.2123E-05  0.6106E-07
  0.9095E+02  0.2042E-05  0.6185E-07
  0.9158E+02  0.1964E-05  0.6273E-07
  0.9221E+02  0.1888E-05  0.6366E-07
  0.9284E+02  0.1814E-05  0.6463E-07
  0.9347E+02  0.1742E-05  0.6562E-07
  0.9411E+02  0.1672E-05  0.6661E-07
  0.9474E+02  0.1603E-05  0.6757E-07
  0.9537E+02  0.1537E-05  0.6849E-07
  0.9600E+02  0.1472E-05  0.6936E-07
  0.9663E+02  0.1409E-05  0.7014E-07
  0.9726E+02  0.1347E-05  0.7084E-07
  0.9789E+02  0.1287E-05  0.7144E-07
  0.9853E+02  0.1229E-05  0.7193E-07
  0.9916E+02  0.1173E-05  0.7231E-07
  0.9979E+02  0.1118E-05  0.7259E-07
  0.1004E+03  0.1064E-05  0.7275E-07
  0.1011E+03  0.1013E-05  0.7282E-07
  0.1017E+03  0.9628E-06  0.7279E-07
  0.1023E+03  0.9144E-06  0.7269E-07
  0.1029E+03  0.8677E-06  0.7251E-07
  0.1036E+03  0.8226E-06  0.7227E-07
  0.1042E+03  0.7790E-06  0.7198E-07
  0.1048E+03  0.7369E-06  0.7166E-07
  0.1055E+03  0.6964E-06  0.7130E-07
  0.1061E+03  0.6573E-06  0.7092E-07
  0.1067E+03  0.6197E-06  0.7050E-07
  0.1074E+03  0.5834E-06  0.7004E-07
  0.1080E+03  0.5484E-06  0.6953E-07
  0.1086E+03  0.5146E-06  0.6895E-07
  0.1093E+03  0.4819E-06  0.6827E-07
  0.1099E+03  0.4502E-06  0.6745E-07
  0.1105E+03  0.4196E-06  0.6647E-07
  0.1112E+03  0.3897E-06  0.6528E-07
  0.1118E+03  0.3606E-06  0.6384E-07
  0.1124E+03  0.3322E-06  0.6209E-07
  0.1131E+03  0.3043E-06  0.5999E-07
  0.1137E+03  0.2767E-06  0.5749E-07
  0.1143E+03  0.2495E-06  0.5453E-07
  0.1149E+03  0.2225E-06  0.5108E-07
  0.1156E+03  0.1956E-06  0.4707E-07
  0.1162E+03  0.1686E-06  0.4246E-07
  0.1168E+03  0.1415E-06  0.3721E-07
  0.1175E+03  0.1141E-06  0.3127E-07
  0.1181E+03  0.8640E-07  0.2462E-07
  0.1187E+03  0.5820E-07  0.1721E-07
  0.1194E+03  0.2943E-07  0.9010E-08
  0.1200E+03  0.0000E+00  0.0000E+00
